<?xml version="1.0" encoding="UTF-8"?>
<!-- Generated by org.testng.reporters.JUnitReportReporter -->
<testsuite hostname="DESKTOP-D4ECH1I" failures="0" tests="2" name="cucumberOptions.TestRunner_Testing" time="26.574" errors="0" timestamp="2023-07-24T23:20:11 GMT-07:00" skipped="0">
  <testcase classname="cucumberOptions.TestRunner_Testing" name="runScenario" time="13.744"/>
  <system-out/>
  <testcase classname="cucumberOptions.TestRunner_Testing" name="runScenario" time="12.830"/>
  <system-out/>
</testsuite> <!-- cucumberOptions.TestRunner_Testing -->
